[debug] [2022-10-05T14:20:25.332Z] ----------------------------------------------------------------------
[debug] [2022-10-05T14:20:25.333Z] Command:       /home/advatech/.nvm/versions/node/v16.16.0/bin/node /home/advatech/.nvm/versions/node/v16.16.0/bin/firebase init
[debug] [2022-10-05T14:20:25.334Z] CLI Version:   11.13.0
[debug] [2022-10-05T14:20:25.334Z] Platform:      linux
[debug] [2022-10-05T14:20:25.334Z] Node Version:  v16.16.0
[debug] [2022-10-05T14:20:25.334Z] Time:          Wed Oct 05 2022 17:20:25 GMT+0300 (East Africa Time)
[debug] [2022-10-05T14:20:25.334Z] ----------------------------------------------------------------------
[debug] 
[debug] [2022-10-05T14:20:25.371Z] > command requires scopes: ["email","openid","https://www.googleapis.com/auth/cloudplatformprojects.readonly","https://www.googleapis.com/auth/firebase","https://www.googleapis.com/auth/cloud-platform"]
[debug] [2022-10-05T14:20:25.371Z] > authorizing via signed-in user (michaelkilongoo193@gmail.com)
[info] 
     ######## #### ########  ######## ########     ###     ######  ########
     ##        ##  ##     ## ##       ##     ##  ##   ##  ##       ##
     ######    ##  ########  ######   ########  #########  ######  ######
     ##        ##  ##    ##  ##       ##     ## ##     ##       ## ##
     ##       #### ##     ## ######## ########  ##     ##  ######  ########

You're about to initialize a Firebase project in this directory:

  /home/advatech/Desktop/popups/my-app

Before we get started, keep in mind:

  * You are initializing within an existing Firebase project directory

[info] 
=== Project Setup
[info] 
[info] First, let's associate this project directory with a Firebase project.
[info] You can create multiple project aliases by running firebase use --add, 
[info] but for now we'll just set up a default project.
[info] 
[debug] [2022-10-05T14:20:30.549Z] Using project from CLI flag: betting-df0ae
[debug] [2022-10-05T14:20:30.550Z] >>> [apiv2][query] GET https://firebase.googleapis.com/v1beta1/projects/betting-df0ae [none]
[debug] [2022-10-05T14:20:31.146Z] <<< [apiv2][status] GET https://firebase.googleapis.com/v1beta1/projects/betting-df0ae 200
[debug] [2022-10-05T14:20:31.147Z] <<< [apiv2][body] GET https://firebase.googleapis.com/v1beta1/projects/betting-df0ae {"projectId":"betting-df0ae","projectNumber":"1087459265526","displayName":"Betting","name":"projects/betting-df0ae","resources":{"hostingSite":"betting-df0ae"},"state":"ACTIVE","etag":"1_d312f510-1717-4845-801e-bb81bab9611e"}
[info] i  Using project betting-df0ae (Betting) 
[info] 
=== Hosting Setup
[info] 
[info] Your public directory is the folder (relative to your project directory) that
[info] will contain Hosting assets to be uploaded with firebase deploy. If you
[info] have a build process for your assets, use your build's output directory.
[info] 
[info] i  Skipping write of public/404.html 
[debug] [2022-10-05T14:20:46.976Z] >>> [apiv2][query] GET https://www.gstatic.com/firebasejs/releases.json [none]
[debug] [2022-10-05T14:20:47.574Z] <<< [apiv2][status] GET https://www.gstatic.com/firebasejs/releases.json 200
[debug] [2022-10-05T14:20:47.574Z] <<< [apiv2][body] GET https://www.gstatic.com/firebasejs/releases.json {"current":{"version":"9.10.0","browserURL":"https://www.gstatic.com/firebasejs/9.10.0/firebase.js","packageURL":"https://www.gstatic.com/firebasejs/9.10.0/firebase.tgz"},"live":{"version":"9.10","browserURL":"https://www.gstatic.com/firebasejs/live/9.10/firebase.js","packageURL":"https://www.gstatic.com/firebasejs/live/9.10/firebase.tgz"},"components":{"analytics":"https://www.gstatic.com/firebasejs/9.10.0/firebase-analytics.js","app":"https://www.gstatic.com/firebasejs/9.10.0/firebase-app.js","app-check":"https://www.gstatic.com/firebasejs/9.10.0/firebase-app-check.js","auth":"https://www.gstatic.com/firebasejs/9.10.0/firebase-auth.js","auth/cordova":"https://www.gstatic.com/firebasejs/9.10.0/firebase-auth/cordova.js","auth/react-native":"https://www.gstatic.com/firebasejs/9.10.0/firebase-auth/react-native.js","functions":"https://www.gstatic.com/firebasejs/9.10.0/firebase-functions.js","firestore":"https://www.gstatic.com/firebasejs/9.10.0/firebase-firestore.js","firestore/lite":"https://www.gstatic.com/firebasejs/9.10.0/firebase-firestore/lite.js","installations":"https://www.gstatic.com/firebasejs/9.10.0/firebase-installations.js","storage":"https://www.gstatic.com/firebasejs/9.10.0/firebase-storage.js","performance":"https://www.gstatic.com/firebasejs/9.10.0/firebase-performance.js","remote-config":"https://www.gstatic.com/firebasejs/9.10.0/firebase-remote-config.js","messaging":"https://www.gstatic.com/firebasejs/9.10.0/firebase-messaging.js","messaging/sw":"https://www.gstatic.com/firebasejs/9.10.0/firebase-messaging/sw.js","database":"https://www.gstatic.com/firebasejs/9.10.0/firebase-database.js","firestore.memory":"https://www.gstatic.com/firebasejs/9.10.0/firebase-firestore.memory.js"}}
[info] i  Skipping write of public/index.html 
[info] 
[info] i  Detected a .git folder at /home/advatech/Desktop/popups/my-app 
[info] i  Authorizing with GitHub to upload your service account to a GitHub repository's secrets store. 
[info] 
[info] Visit this URL on this device to log in:
[info] https://github.com/login/oauth/authorize?client_id=89cf50f02ac6aaed3484&state=180799436&redirect_uri=http%3A%2F%2Flocalhost%3A9005&scope=read%3Auser%20repo%20public_repo
[info] 
[info] Waiting for authentication...
[debug] [2022-10-05T14:21:12.109Z] >>> [apiv2][query] POST https://github.com/login/oauth/access_token [none]
[debug] [2022-10-05T14:21:12.109Z] >>> [apiv2][body] POST https://github.com/login/oauth/access_token [stream]
[debug] [2022-10-05T14:21:13.274Z] <<< [apiv2][status] POST https://github.com/login/oauth/access_token 200
[debug] [2022-10-05T14:21:13.274Z] <<< [apiv2][body] POST https://github.com/login/oauth/access_token {"access_token":"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","token_type":"bearer","scope":"read:user,repo"}
[debug] [2022-10-05T14:21:13.289Z] >>> [apiv2][query] GET https://api.github.com/user [none]
[debug] [2022-10-05T14:21:14.892Z] <<< [apiv2][status] GET https://api.github.com/user 200
[debug] [2022-10-05T14:21:14.892Z] <<< [apiv2][body] GET https://api.github.com/user {"login":"sapna-kilongo","id":71169141,"node_id":"MDQ6VXNlcjcxMTY5MTQx","avatar_url":"https://avatars.githubusercontent.com/u/71169141?v=4","gravatar_id":"","url":"https://api.github.com/users/sapna-kilongo","html_url":"https://github.com/sapna-kilongo","followers_url":"https://api.github.com/users/sapna-kilongo/followers","following_url":"https://api.github.com/users/sapna-kilongo/following{/other_user}","gists_url":"https://api.github.com/users/sapna-kilongo/gists{/gist_id}","starred_url":"https://api.github.com/users/sapna-kilongo/starred{/owner}{/repo}","subscriptions_url":"https://api.github.com/users/sapna-kilongo/subscriptions","organizations_url":"https://api.github.com/users/sapna-kilongo/orgs","repos_url":"https://api.github.com/users/sapna-kilongo/repos","events_url":"https://api.github.com/users/sapna-kilongo/events{/privacy}","received_events_url":"https://api.github.com/users/sapna-kilongo/received_events","type":"User","site_admin":false,"name":null,"company":null,"blog":"","location":null,"email":null,"hireable":null,"bio":null,"twitter_username":null,"public_repos":10,"public_gists":0,"followers":0,"following":0,"created_at":"2020-09-12T07:29:12Z","updated_at":"2022-10-05T14:21:02Z","private_gists":0,"total_private_repos":0,"owned_private_repos":0,"disk_usage":35005,"collaborators":0,"two_factor_authentication":false,"plan":{"name":"free","space":976562499,"collaborators":0,"private_repos":10000}}
[info] 
[info] ✔  Success! Logged into GitHub as sapna-kilongo 
[info] 
